<?xml version="1.0" encoding="UTF-8"?>
<testsuite name="kr.pe.skycows.springboot.web.dto.HelloResponseDtoTest" tests="1" skipped="0" failures="0" errors="0" timestamp="2021-03-16T14:53:23" hostname="NANA-GRAM" time="0.049">
  <properties/>
  <testcase name="롬복기능_테스트()" classname="kr.pe.skycows.springboot.web.dto.HelloResponseDtoTest" time="0.049"/>
  <system-out><![CDATA[]]></system-out>
  <system-err><![CDATA[]]></system-err>
</testsuite>
